#
# There is insufficient memory for the Java Runtime Environment to continue.
# Native memory allocation (mmap) failed to map 132120576 bytes for G1 virtual space
# Possible reasons:
#   The system is out of physical RAM or swap space
#   The process is running with CompressedOops enabled, and the Java Heap may be blocking the growth of the native heap
# Possible solutions:
#   Reduce memory load on the system
#   Increase physical memory or swap space
#   Check if swap backing store is full
#   Decrease Java heap size (-Xmx/-Xms)
#   Decrease number of Java threads
#   Decrease Java thread stack sizes (-Xss)
#   Set larger code cache with -XX:ReservedCodeCacheSize=
#   JVM is running with Unscaled Compressed Oops mode in which the Java heap is
#     placed in the first 4GB address space. The Java Heap base address is the
#     maximum limit for the native heap growth. Please use -XX:HeapBaseMinAddress
#     to set the Java Heap base and to place the Java Heap above 4GB virtual address.
# This output file may be truncated or incomplete.
#
#  Out of Memory Error (os_windows.cpp:3548), pid=9820, tid=15028
#
# JRE version:  (17.0.12+8) (build )
# Java VM: Java HotSpot(TM) 64-Bit Server VM (17.0.12+8-LTS-286, mixed mode, sharing, tiered, compressed oops, compressed class ptrs, g1 gc, windows-amd64)
# No core dump will be written. Minidumps are not enabled by default on client versions of Windows
#

---------------  S U M M A R Y ------------

Command Line: com.google.prefab.cli.AppKt --build-system cmake --platform android --abi arm64-v8a --os-version 24 --stl c++_shared --ndk-version 26 --output C:\\Users\\aadarsh\\AppData\\Local\\Temp\\agp-prefab-staging16452481964490758362\\staged-cli-output C:\\Users\\aadarsh\\.gradle\\caches\\8.10.2\\transforms\\8ab812ce1f3114aaddddfebd3794d6a8\\transformed\\jetified-react-android-0.76.3-debug\\prefab C:\\Users\\aadarsh\\.gradle\\caches\\8.10.2\\transforms\\c5862d95bd64ba1e04741bed7439072b\\transformed\\jetified-hermes-android-0.76.3-debug\\prefab C:\\Users\\aadarsh\\.gradle\\caches\\8.10.2\\transforms\\0b396a6571faea36ef3e81439b17aeab\\transformed\\jetified-fbjni-0.6.0\\prefab

Host: Intel(R) Core(TM) i3-10110U CPU @ 2.10GHz, 4 cores, 7G,  Windows 11 , 64 bit Build 26100 (10.0.26100.4484)
Time: Sat Jun 28 19:36:56 2025 India Standard Time elapsed time: 0.214355 seconds (0d 0h 0m 0s)

---------------  T H R E A D  ---------------

Current thread (0x0000020b6c348ce0):  JavaThread "Unknown thread" [_thread_in_vm, id=15028, stack(0x000000cc19f00000,0x000000cc1a000000)]

Stack: [0x000000cc19f00000,0x000000cc1a000000]
Native frames: (J=compiled Java code, j=interpreted, Vv=VM code, C=native code)
V  [jvm.dll+0x67a04a]
V  [jvm.dll+0x7da4ed]
V  [jvm.dll+0x7dbe33]
V  [jvm.dll+0x7dc4a3]
V  [jvm.dll+0x24508f]
V  [jvm.dll+0x677089]
V  [jvm.dll+0x66bd32]
V  [jvm.dll+0x301fa6]
V  [jvm.dll+0x309546]
V  [jvm.dll+0x359d2e]
V  [jvm.dll+0x359f5f]
V  [jvm.dll+0x2d9078]
V  [jvm.dll+0x2d9fe4]
V  [jvm.dll+0x7aca21]
V  [jvm.dll+0x367591]
V  [jvm.dll+0x78b999]
V  [jvm.dll+0x3ec83f]
V  [jvm.dll+0x3ee471]
C  [jli.dll+0x5297]
C  [ucrtbase.dll+0x37b0]
C  [KERNEL32.DLL+0x2e8d7]
C  [ntdll.dll+0x3c34c]


---------------  P R O C E S S  ---------------

Threads class SMR info:
_java_thread_list=0x00007ff985b37a18, length=0, elements={
}

Java Threads: ( => current thread )

Other Threads:
  0x0000020b6c3a4950 GCTaskThread "GC Thread#0" [stack: 0x000000cc1a000000,0x000000cc1a100000] [id=19056]
  0x0000020b6c3b51b0 ConcurrentGCThread "G1 Main Marker" [stack: 0x000000cc1a100000,0x000000cc1a200000] [id=15196]
  0x0000020b6c3b5ad0 ConcurrentGCThread "G1 Conc#0" [stack: 0x000000cc1a200000,0x000000cc1a300000] [id=21432]

[error occurred during error reporting (printing all threads), id 0xc0000005, EXCEPTION_ACCESS_VIOLATION (0xc0000005) at pc=0x00007ff985369b67]

VM state: not at safepoint (not fully initialized)

VM Mutex/Monitor currently owned by a thread:  ([mutex/lock_event])
[0x0000020b6c347780] Heap_lock - owner thread: 0x0000020b6c348ce0

Heap address: 0x0000000083000000, size: 2000 MB, Compressed Oops mode: 32-bit

CDS archive(s) mapped at: [0x0000000000000000-0x0000000000000000-0x0000000000000000), size 0, SharedBaseAddress: 0x0000000800000000, ArchiveRelocationMode: 1.
Narrow klass base: 0x0000000000000000, Narrow klass shift: 0, Narrow klass range: 0x0

GC Precious Log:
<Empty>

Heap:
 garbage-first heap   total 0K, used 0K [0x0000000083000000, 0x0000000100000000)
  region size 1024K, 0 young (0K), 0 survivors (0K)

[error occurred during error reporting (printing heap information), id 0xc0000005, EXCEPTION_ACCESS_VIOLATION (0xc0000005) at pc=0x00007ff985753859]

GC Heap History (0 events):
No events

Deoptimization events (0 events):
No events

Classes unloaded (0 events):
No events

Classes redefined (0 events):
No events

Internal exceptions (0 events):
No events

VM Operations (0 events):
No events

Events (1 events):
Event: 0.012 Loaded shared library C:\Program Files\Microsoft\jdk-11.0.27.6-hotspot\bin\java.dll


Dynamic libraries:
0x00007ff6a22b0000 - 0x00007ff6a22c0000 	C:\Program Files\Microsoft\jdk-11.0.27.6-hotspot\bin\java.exe
0x00007ffa454a0000 - 0x00007ffa45708000 	C:\WINDOWS\SYSTEM32\ntdll.dll
0x00007ffa44ca0000 - 0x00007ffa44d69000 	C:\WINDOWS\System32\KERNEL32.DLL
0x00007ffa42da0000 - 0x00007ffa4318d000 	C:\WINDOWS\System32\KERNELBASE.dll
0x00007ffa42860000 - 0x00007ffa429ab000 	C:\WINDOWS\System32\ucrtbase.dll
0x00007ff9c06d0000 - 0x00007ff9c06eb000 	C:\Program Files\Microsoft\jdk-11.0.27.6-hotspot\bin\VCRUNTIME140.dll
0x00007ff9c06f0000 - 0x00007ff9c0709000 	C:\Program Files\Microsoft\jdk-11.0.27.6-hotspot\bin\jli.dll
0x00007ffa44d70000 - 0x00007ffa44e24000 	C:\WINDOWS\System32\ADVAPI32.dll
0x00007ffa450b0000 - 0x00007ffa45159000 	C:\WINDOWS\System32\msvcrt.dll
0x00007ffa45000000 - 0x00007ffa450a6000 	C:\WINDOWS\System32\sechost.dll
0x00007ffa43740000 - 0x00007ffa43858000 	C:\WINDOWS\System32\RPCRT4.dll
0x00007ffa44e30000 - 0x00007ffa44ffc000 	C:\WINDOWS\System32\USER32.dll
0x00007ffa425f0000 - 0x00007ffa42617000 	C:\WINDOWS\System32\win32u.dll
0x00007ffa438d0000 - 0x00007ffa438fb000 	C:\WINDOWS\System32\GDI32.dll
0x00007ffa42a50000 - 0x00007ffa42b87000 	C:\WINDOWS\System32\gdi32full.dll
0x00007ffa43190000 - 0x00007ffa43233000 	C:\WINDOWS\System32\msvcp_win.dll
0x00007ffa205b0000 - 0x00007ffa2084a000 	C:\WINDOWS\WinSxS\amd64_microsoft.windows.common-controls_6595b64144ccf1df_6.0.26100.4484_none_3e0e6d4ce32ef3b3\COMCTL32.dll
0x00007ffa37b10000 - 0x00007ffa37b1b000 	C:\WINDOWS\SYSTEM32\VERSION.dll
0x00007ffa45300000 - 0x00007ffa4532f000 	C:\WINDOWS\System32\IMM32.DLL
0x00007ff9fe850000 - 0x00007ff9fe85c000 	C:\Program Files\Microsoft\jdk-11.0.27.6-hotspot\bin\vcruntime140_1.dll
0x00007ff9af810000 - 0x00007ff9af89e000 	C:\Program Files\Microsoft\jdk-11.0.27.6-hotspot\bin\msvcp140.dll
0x00007ff985080000 - 0x00007ff985c60000 	C:\Program Files\Microsoft\jdk-11.0.27.6-hotspot\bin\server\jvm.dll
0x00007ffa448a0000 - 0x00007ffa448a8000 	C:\WINDOWS\System32\PSAPI.DLL
0x00007ffa3c120000 - 0x00007ffa3c12a000 	C:\WINDOWS\SYSTEM32\WSOCK32.dll
0x00007ffa453e0000 - 0x00007ffa45454000 	C:\WINDOWS\System32\WS2_32.dll
0x00007ffa22e80000 - 0x00007ffa22eb5000 	C:\WINDOWS\SYSTEM32\WINMM.dll
0x00007ffa413a0000 - 0x00007ffa413bb000 	C:\WINDOWS\SYSTEM32\kernel.appcore.dll
0x00007ff9eaad0000 - 0x00007ff9eaada000 	C:\Program Files\Microsoft\jdk-11.0.27.6-hotspot\bin\jimage.dll
0x00007ffa3fdd0000 - 0x00007ffa40011000 	C:\WINDOWS\SYSTEM32\DBGHELP.DLL
0x00007ffa44910000 - 0x00007ffa44c96000 	C:\WINDOWS\System32\combase.dll
0x00007ffa45210000 - 0x00007ffa452f0000 	C:\WINDOWS\System32\OLEAUT32.dll
0x00007ffa1f460000 - 0x00007ffa1f4a3000 	C:\WINDOWS\SYSTEM32\dbgcore.DLL
0x00007ffa429b0000 - 0x00007ffa42a49000 	C:\WINDOWS\System32\bcryptPrimitives.dll
0x00007ff9c05d0000 - 0x00007ff9c05f5000 	C:\Program Files\Microsoft\jdk-11.0.27.6-hotspot\bin\java.dll

dbghelp: loaded successfully - version: 4.0.5 - missing functions: none
symbol engine: initialized successfully - sym options: 0x614 - pdb path: .;C:\Program Files\Microsoft\jdk-11.0.27.6-hotspot\bin;C:\WINDOWS\SYSTEM32;C:\WINDOWS\WinSxS\amd64_microsoft.windows.common-controls_6595b64144ccf1df_6.0.26100.4484_none_3e0e6d4ce32ef3b3;C:\Program Files\Microsoft\jdk-11.0.27.6-hotspot\bin\server

VM Arguments:
java_command: com.google.prefab.cli.AppKt --build-system cmake --platform android --abi arm64-v8a --os-version 24 --stl c++_shared --ndk-version 26 --output C:\\Users\\aadarsh\\AppData\\Local\\Temp\\agp-prefab-staging16452481964490758362\\staged-cli-output C:\\Users\\aadarsh\\.gradle\\caches\\8.10.2\\transforms\\8ab812ce1f3114aaddddfebd3794d6a8\\transformed\\jetified-react-android-0.76.3-debug\\prefab C:\\Users\\aadarsh\\.gradle\\caches\\8.10.2\\transforms\\c5862d95bd64ba1e04741bed7439072b\\transformed\\jetified-hermes-android-0.76.3-debug\\prefab C:\\Users\\aadarsh\\.gradle\\caches\\8.10.2\\transforms\\0b396a6571faea36ef3e81439b17aeab\\transformed\\jetified-fbjni-0.6.0\\prefab
java_class_path (initial): C:\\Users\\aadarsh\\.gradle\\caches\\modules-2\\files-2.1\\com.google.prefab\\cli\\2.1.0\\aa32fec809c44fa531f01dcfb739b5b3304d3050\\cli-2.1.0-all.jar
Launcher Type: SUN_STANDARD

[Global flags]
     intx CICompilerCount                          = 3                                         {product} {ergonomic}
     uint ConcGCThreads                            = 1                                         {product} {ergonomic}
     uint G1ConcRefinementThreads                  = 4                                         {product} {ergonomic}
   size_t G1HeapRegionSize                         = 1048576                                   {product} {ergonomic}
    uintx GCDrainStackTargetSize                   = 64                                        {product} {ergonomic}
   size_t InitialHeapSize                          = 132120576                                 {product} {ergonomic}
   size_t MarkStackSize                            = 4194304                                   {product} {ergonomic}
   size_t MaxHeapSize                              = 2097152000                                {product} {ergonomic}
   size_t MinHeapDeltaBytes                        = 1048576                                   {product} {ergonomic}
   size_t MinHeapSize                              = 8388608                                   {product} {ergonomic}
    uintx NonNMethodCodeHeapSize                   = 5832780                                {pd product} {ergonomic}
    uintx NonProfiledCodeHeapSize                  = 122912730                              {pd product} {ergonomic}
    uintx ProfiledCodeHeapSize                     = 122912730                              {pd product} {ergonomic}
    uintx ReservedCodeCacheSize                    = 251658240                              {pd product} {ergonomic}
     bool SegmentedCodeCache                       = true                                      {product} {ergonomic}
   size_t SoftMaxHeapSize                          = 2097152000                             {manageable} {ergonomic}
     bool UseCompressedClassPointers               = true                           {product lp64_product} {ergonomic}
     bool UseCompressedOops                        = true                           {product lp64_product} {ergonomic}
     bool UseG1GC                                  = true                                      {product} {ergonomic}
     bool UseLargePagesIndividualAllocation        = false                                  {pd product} {ergonomic}

Logging:
Log output configuration:
 #0: stdout all=warning uptime,level,tags
 #1: stderr all=off uptime,level,tags

Environment Variables:
JAVA_HOME=C:\Program Files\Microsoft\jdk-11.0.27.6-hotspot
CLASSPATH=D:\ProgramFiles\appdev\Native apps\Reactchat\android\\gradle\wrapper\gradle-wrapper.jar
PATH=D:\ProgramFiles\appdev\Native apps\Reactchat\node_modules\.bin;D:\ProgramFiles\appdev\Native apps\Reactchat\node_modules\.bin;D:\ProgramFiles\appdev\Native apps\node_modules\.bin;D:\ProgramFiles\appdev\node_modules\.bin;D:\ProgramFiles\node_modules\.bin;D:\node_modules\.bin;D:\ProgramFiles\node_modules\npm\node_modules\@npmcli\run-script\lib\node-gyp-bin;D:\ProgramFiles\appdev\Native apps\Reactchat\node_modules\.bin;D:\ProgramFiles\appdev\Native apps\Reactchat\node_modules\.bin;D:\ProgramFiles\appdev\Native apps\node_modules\.bin;D:\ProgramFiles\appdev\node_modules\.bin;D:\ProgramFiles\node_modules\.bin;D:\node_modules\.bin;D:\ProgramFiles\node_modules\npm\node_modules\@npmcli\run-script\lib\node-gyp-bin;C:\Program Files\Microsoft\jdk-11.0.27.6-hotspot\bin;C:\Program Files\Common Files\Oracle\Java\javapath;C:\Python312\Scripts\;C:\Python312\;C:\WINDOWS\system32;C:\WINDOWS;C:\WINDOWS\System32\Wbem;C:\WINDOWS\System32\WindowsPowerShell\v1.0\;C:\WINDOWS\System32\OpenSSH\;C:\ProgramData\chocolatey\bin;C:\Program Files\Microsoft SQL Server\150\Tools\Binn\;C:\Program Files\Microsoft SQL Server\Client SDK\ODBC\170\Tools\Binn\;C:\Program Files\dotnet\;C:\MinGW\bin;C:\Program Files\HP\HP One Agent;C:\Users\aadarsh\AppData\Local\Microsoft\WindowsApps;C:\Users\aadarsh\AppData\Local\Programs\Microsoft VS Code\bin;C:\Users\aadarsh\AppData\Roaming\npm;C:\Users\aadarsh\.dotnet\tools;C:\Program Files\MongoDB\Server\7.0\bin;C:\WINDOWS\system32;C:\WINDOWS;C:\WINDOWS\System32\Wbem;C:\WINDOWS\System32\WindowsPowerShell\v1.0\;C:\WINDOWS\System32\OpenSSH\;D:\ProgramFiles\;C:\Users\aadarsh\Program Softwares\Git\cmd;C:\Users\aadarsh\AppData\Local\Microsoft\WindowsApps;C:\Users\aadarsh\AppData\Local\Programs\Microsoft VS Code\bin;C:\Users\aadarsh\.dotnet\tools;C:\Program Files\MongoDB\Server\7.0\bin;C:\Users\aadarsh\AppData\Local\Android\Sdk\platform-tools;C:\Users\aadarsh\AppData\Local\Android\Sdk\emulator;C:\Users\aadarsh\AppData\Roaming\npm;D:\applications\cursor\resources\app\bin
USERNAME=aadarsh
OS=Windows_NT
PROCESSOR_IDENTIFIER=Intel64 Family 6 Model 142 Stepping 12, GenuineIntel



---------------  S Y S T E M  ---------------

OS:
 Windows 11 , 64 bit Build 26100 (10.0.26100.4484)
OS uptime: 1 days 0:29 hours

CPU: total 4 (initial active 4) (2 cores per cpu, 2 threads per core) family 6 model 142 stepping 12 microcode 0xfc, cx8, cmov, fxsr, ht, mmx, 3dnowpref, sse, sse2, sse3, ssse3, sse4.1, sse4.2, popcnt, lzcnt, tsc, tscinvbit, avx, avx2, aes, erms, clmul, bmi1, bmi2, adx, fma, vzeroupper, clflush, clflushopt

Memory: 4k page, system-wide physical 7996M (872M free)
TotalPageFile size 32572M (AvailPageFile size 110M)
current process WorkingSet (physical memory assigned to process): 12M, peak: 12M
current process commit charge ("private bytes"): 52M, peak: 178M

vm_info: Java HotSpot(TM) 64-Bit Server VM (17.0.12+8-LTS-286) for windows-amd64 JRE (17.0.12+8-LTS-286), built on Jun  5 2024 06:46:59 by "mach5one" with MS VC++ 17.6 (VS2022)

END.
